
******** Loading object Texture2D'Startup.hand_m' ********

AnimSequence CorvoGun_Accuracy_as/CorvoGun_Fire_Accuracy_2 has wrong CompressedTrackOffsets size (has 0, expected 8), removing track
AnimSequence CorvoGun_as/CorvoGun_Equip has wrong CompressedTrackOffsets size (has 0, expected 20), removing track
AnimSequence CorvoGun_as/CorvoGun_FastReload has wrong CompressedTrackOffsets size (has 0, expected 20), removing track
AnimSequence CorvoGun_as/CorvoGun_Fire_Accuracy_1 has wrong CompressedTrackOffsets size (has 0, expected 20), removing track
AnimSequence CorvoGun_as/CorvoGun_Fire_Hammer has wrong CompressedTrackOffsets size (has 0, expected 20), removing track
AnimSequence CorvoGun_as/CorvoGun_Idle has wrong CompressedTrackOffsets size (has 0, expected 20), removing track
AnimSequence CorvoGun_Mag_as/CorvoGun_Mag_0to1 has wrong CompressedTrackOffsets size (has 0, expected 32), removing track
AnimSequence CorvoGun_Mag_as/CorvoGun_Mag_0to2 has wrong CompressedTrackOffsets size (has 0, expected 32), removing track
AnimSequence CorvoGun_Mag_as/CorvoGun_Mag_0to3 has wrong CompressedTrackOffsets size (has 0, expected 32), removing track
AnimSequence CorvoGun_Mag_as/CorvoGun_Mag_1to0 has wrong CompressedTrackOffsets size (has 0, expected 32), removing track
AnimSequence CorvoGun_Mag_as/CorvoGun_Mag_2to1 has wrong CompressedTrackOffsets size (has 0, expected 32), removing track
AnimSequence CorvoGun_Mag_as/CorvoGun_Mag_3to2 has wrong CompressedTrackOffsets size (has 0, expected 32), removing track
AnimSequence CorvoGun_Mag_as/CorvoGun_Mag_Ammo0 has wrong CompressedTrackOffsets size (has 0, expected 32), removing track
AnimSequence CorvoGun_Mag_as/CorvoGun_Mag_Ammo1 has wrong CompressedTrackOffsets size (has 0, expected 32), removing track
AnimSequence CorvoGun_Mag_as/CorvoGun_Mag_Ammo2 has wrong CompressedTrackOffsets size (has 0, expected 32), removing track
AnimSequence CorvoGun_Mag_as/CorvoGun_Mag_Ammo3 has wrong CompressedTrackOffsets size (has 0, expected 32), removing track
AnimSequence CorvoGun_ReloadSpeed_as/CorvoGun_ReloadSpeed_1 has wrong CompressedTrackOffsets size (has 0, expected 8), removing track
AnimSequence CorvoGun_ReloadSpeed_as/CorvoGun_ReloadSpeed_2 has wrong CompressedTrackOffsets size (has 0, expected 8), removing track
AnimSequence Crossbow_as/Crossbow_Equip has wrong CompressedTrackOffsets size (has 0, expected 56), removing track
AnimSequence Crossbow_as/Crossbow_Fire has wrong CompressedTrackOffsets size (has 0, expected 56), removing track
AnimSequence Crossbow_as/Crossbow_Fire_FastReload has wrong CompressedTrackOffsets size (has 0, expected 56), removing track
AnimSequence Crossbow_as/Crossbow_Idle has wrong CompressedTrackOffsets size (has 0, expected 56), removing track
AnimSequence Crossbow_as/Crossbow_OutOfAmmo_Idle has wrong CompressedTrackOffsets size (has 0, expected 56), removing track
AnimSequence Crossbow_as/Crossbow_RapidReload has wrong CompressedTrackOffsets size (has 0, expected 56), removing track
AnimSequence Crossbow_as/Crossbow_Reload_In has wrong CompressedTrackOffsets size (has 0, expected 56), removing track
AnimSequence Crossbow_as/Crossbow_Spyglass_Fire has wrong CompressedTrackOffsets size (has 0, expected 56), removing track
AnimSequence Grenade_as/Grenade_Idle has wrong CompressedTrackOffsets size (has 0, expected 8), removing track
AnimSequence Heart_as/Heart_Beat has wrong CompressedTrackOffsets size (has 0, expected 88), removing track
AnimSequence Heart_as/Heart_Idle has wrong CompressedTrackOffsets size (has 0, expected 88), removing track
AnimSequence Ply_Crossbow_as/Crossbow_Fire has wrong CompressedTrackOffsets size (has 0, expected 120), removing track
AnimSequence Ply_Crossbow_as/Crossbow_Fire_FastReload has wrong CompressedTrackOffsets size (has 0, expected 120), removing track
AnimSequence Ply_Crossbow_as/Crossbow_RapidReload has wrong CompressedTrackOffsets size (has 0, expected 120), removing track
AnimSequence Ply_Crossbow_as/Crossbow_Reload_In has wrong CompressedTrackOffsets size (has 0, expected 120), removing track
AnimSequence Ply_Crossbow_as/Crossbow_Reload_Out has wrong CompressedTrackOffsets size (has 0, expected 120), removing track
AnimSequence Ply_Crossbow_as/Crossbow_Spyglass_Fire has wrong CompressedTrackOffsets size (has 0, expected 120), removing track
AnimSequence Ply_Crossbow_as/Crossbow_Spyglass_FireAccurate has wrong CompressedTrackOffsets size (has 0, expected 120), removing track
AnimSequence Ply_Crossbow_as/Crossbow_Spyglass_Idle has wrong CompressedTrackOffsets size (has 0, expected 120), removing track
AnimSequence Ply_Crossbow_as/Crossbow_Spyglass_In has wrong CompressedTrackOffsets size (has 0, expected 120), removing track
AnimSequence Ply_Crossbow_as/Crossbow_Spyglass_Out has wrong CompressedTrackOffsets size (has 0, expected 120), removing track
AnimSequence Ply_Crossbow_as/Head_Crossbow_Fire has wrong CompressedTrackOffsets size (has 0, expected 120), removing track
AnimSequence Ply_Empty_CarryCorpse_as/Empty_CarryCorpse_DropHigh_Master has wrong CompressedTrackOffsets size (has 0, expected 276), removing track
AnimSequence Ply_Empty_CarryCorpse_as/Empty_CarryCorpse_DropLow_Master has wrong CompressedTrackOffsets size (has 0, expected 276), removing track
AnimSequence Ply_Empty_CarryCorpse_as/Empty_CarryCorpse_DropLowSneak_Master has wrong CompressedTrackOffsets size (has 0, expected 276), removing track
AnimSequence Ply_Empty_CarryCorpse_as/Empty_CarryCorpse_DropNoMove_Master has wrong CompressedTrackOffsets size (has 0, expected 276), removing track
AnimSequence Ply_Empty_CarryCorpse_as/Empty_CarryCorpse_Idle_Master has wrong CompressedTrackOffsets size (has 0, expected 276), removing track
AnimSequence Ply_Empty_CarryCorpse_as/Empty_CarryCorpse_In_Master has wrong CompressedTrackOffsets size (has 0, expected 276), removing track
AnimSequence Ply_Empty_CarryCorpse_as/Empty_CarryCorpse_Walk_Master has wrong CompressedTrackOffsets size (has 0, expected 276), removing track
AnimSequence Ply_Empty_FullBody/Empty_Vault has wrong CompressedTrackOffsets size (has 0, expected 308), removing track
AnimSequence Ply_Empty_FullBody/Empty_VaultOverWindow has wrong CompressedTrackOffsets size (has 0, expected 308), removing track
AnimSequence Ply_Empty_Hit_as/Empty_BigHit_Back has wrong CompressedTrackOffsets size (has 0, expected 276), removing track
AnimSequence Ply_Empty_Hit_as/Empty_BigHit_Front has wrong CompressedTrackOffsets size (has 0, expected 276), removing track
AnimSequence Ply_Empty_Hit_as/Empty_BigHit_Left has wrong CompressedTrackOffsets size (has 0, expected 276), removing track
AnimSequence Ply_Empty_Hit_as/Empty_BigHit_Right has wrong CompressedTrackOffsets size (has 0, expected 276), removing track
AnimSequence Ply_Empty_Hit_as/Empty_Knockdown_Fall has wrong CompressedTrackOffsets size (has 0, expected 276), removing track
AnimSequence Ply_Empty_Hit_as/Empty_KnockdownBack has wrong CompressedTrackOffsets size (has 0, expected 276), removing track
AnimSequence Ply_Empty_Hit_as/Empty_KnockdownFront has wrong CompressedTrackOffsets size (has 0, expected 276), removing track
AnimSequence Ply_Empty_Hit_as/Empty_KnockdownLeft has wrong CompressedTrackOffsets size (has 0, expected 276), removing track
AnimSequence Ply_Empty_Hit_as/Empty_KnockdownRight has wrong CompressedTrackOffsets size (has 0, expected 276), removing track
AnimSequence Ply_Empty_Hit_as/Empty_Recovery has wrong CompressedTrackOffsets size (has 0, expected 276), removing track
AnimSequence Ply_Empty_Hit_as/Empty_Stun_In has wrong CompressedTrackOffsets size (has 0, expected 276), removing track
AnimSequence Ply_Empty_Hit_as/Empty_Stun_Loop has wrong CompressedTrackOffsets size (has 0, expected 276), removing track
AnimSequence Ply_Empty_Idle_as/Empty_CrouchIdle has wrong CompressedTrackOffsets size (has 0, expected 276), removing track
AnimSequence Ply_Empty_Idle_as/Empty_CrouchIn has wrong CompressedTrackOffsets size (has 0, expected 276), removing track
AnimSequence Ply_Empty_Idle_as/Empty_CrouchOut has wrong CompressedTrackOffsets size (has 0, expected 276), removing track
AnimSequence Ply_Empty_Idle_as/Empty_Equip has wrong CompressedTrackOffsets size (has 0, expected 276), removing track
AnimSequence Ply_Empty_Idle_as/Empty_Idle has wrong CompressedTrackOffsets size (has 0, expected 276), removing track
AnimSequence Ply_Empty_Idle_as/Empty_Sneak_Idle has wrong CompressedTrackOffsets size (has 0, expected 276), removing track
AnimSequence Ply_Empty_Idle_as/Empty_Sneak_In has wrong CompressedTrackOffsets size (has 0, expected 276), removing track
AnimSequence Ply_Empty_Idle_as/Empty_Sneak_Out has wrong CompressedTrackOffsets size (has 0, expected 276), removing track
AnimSequence Ply_Empty_Idle_as/Empty_SwimIdle has wrong CompressedTrackOffsets size (has 0, expected 276), removing track
AnimSequence Ply_Empty_Idle_as/Empty_UnEquip has wrong CompressedTrackOffsets size (has 0, expected 276), removing track
AnimSequence Ply_Empty_Locomotion_as/Empty_CrouchMantleHigh has wrong CompressedTrackOffsets size (has 0, expected 276), removing track
AnimSequence Ply_Empty_Locomotion_as/Empty_CrouchMantleLow has wrong CompressedTrackOffsets size (has 0, expected 276), removing track
AnimSequence Ply_Empty_Locomotion_as/Empty_CrouchMantleMedium has wrong CompressedTrackOffsets size (has 0, expected 276), removing track
AnimSequence Ply_Empty_Locomotion_as/Empty_CrouchWalk has wrong CompressedTrackOffsets size (has 0, expected 276), removing track
AnimSequence Ply_Empty_Locomotion_as/Empty_Jump has wrong CompressedTrackOffsets size (has 0, expected 276), removing track
AnimSequence Ply_Empty_Locomotion_as/Empty_JumpLandSmall has wrong CompressedTrackOffsets size (has 0, expected 276), removing track
AnimSequence Ply_Empty_Locomotion_as/Empty_MantleHigh has wrong CompressedTrackOffsets size (has 0, expected 276), removing track
AnimSequence Ply_Empty_Locomotion_as/Empty_MantleImpact has wrong CompressedTrackOffsets size (has 0, expected 276), removing track
AnimSequence Ply_Empty_Locomotion_as/Empty_MantleLow has wrong CompressedTrackOffsets size (has 0, expected 276), removing track
AnimSequence Ply_Empty_Locomotion_as/Empty_MantleMedium has wrong CompressedTrackOffsets size (has 0, expected 276), removing track
AnimSequence Ply_Empty_Locomotion_as/Empty_Run has wrong CompressedTrackOffsets size (has 0, expected 276), removing track
AnimSequence Ply_Empty_Locomotion_as/Empty_SlideIn has wrong CompressedTrackOffsets size (has 0, expected 276), removing track
AnimSequence Ply_Empty_Locomotion_as/Empty_SlideLoop has wrong CompressedTrackOffsets size (has 0, expected 276), removing track
AnimSequence Ply_Empty_Locomotion_as/Empty_SlideOutSneak has wrong CompressedTrackOffsets size (has 0, expected 276), removing track
AnimSequence Ply_Empty_Locomotion_as/Empty_SlideOutSprint has wrong CompressedTrackOffsets size (has 0, expected 276), removing track
AnimSequence Ply_Empty_Locomotion_as/Empty_Sneak_Jump has wrong CompressedTrackOffsets size (has 0, expected 276), removing track
AnimSequence Ply_Empty_Locomotion_as/Empty_Sneak_JumpLandSmall has wrong CompressedTrackOffsets size (has 0, expected 276), removing track
AnimSequence Ply_Empty_Locomotion_as/Empty_Sneak_MantleHigh has wrong CompressedTrackOffsets size (has 0, expected 276), removing track
AnimSequence Ply_Empty_Locomotion_as/Empty_Sneak_MantleLow has wrong CompressedTrackOffsets size (has 0, expected 276), removing track
AnimSequence Ply_Empty_Locomotion_as/Empty_Sneak_MantleMedium has wrong CompressedTrackOffsets size (has 0, expected 276), removing track
AnimSequence Ply_Empty_Locomotion_as/Empty_Sneak_Walk has wrong CompressedTrackOffsets size (has 0, expected 276), removing track
AnimSequence Ply_Empty_Locomotion_as/Empty_Sprint has wrong CompressedTrackOffsets size (has 0, expected 276), removing track
AnimSequence Ply_Empty_Locomotion_as/Empty_SwimE has wrong CompressedTrackOffsets size (has 0, expected 276), removing track
AnimSequence Ply_Empty_Locomotion_as/Empty_SwimN has wrong CompressedTrackOffsets size (has 0, expected 276), removing track
AnimSequence Ply_Empty_Locomotion_as/Empty_SwimS has wrong CompressedTrackOffsets size (has 0, expected 276), removing track
AnimSequence Ply_Empty_Locomotion_as/Empty_SwimW has wrong CompressedTrackOffsets size (has 0, expected 276), removing track
AnimSequence Ply_Empty_Locomotion_as/Empty_Walk has wrong CompressedTrackOffsets size (has 0, expected 276), removing track
AnimSequence Ply_Gadgets_as/Gadgets_Abort has wrong CompressedTrackOffsets size (has 0, expected 120), removing track
AnimSequence Ply_Gadgets_as/Gadgets_Deploy has wrong CompressedTrackOffsets size (has 0, expected 120), removing track
AnimSequence Ply_Gadgets_as/Gadgets_Idle has wrong CompressedTrackOffsets size (has 0, expected 120), removing track
AnimSequence Ply_Gadgets_as/Gadgets_Jump has wrong CompressedTrackOffsets size (has 0, expected 120), removing track
AnimSequence Ply_Gadgets_as/Gadgets_JumpIn has wrong CompressedTrackOffsets size (has 0, expected 120), removing track
AnimSequence Ply_Gadgets_as/Gadgets_JumpLandSmall has wrong CompressedTrackOffsets size (has 0, expected 120), removing track
AnimSequence Ply_Gadgets_as/Gadgets_OutOfAmmo has wrong CompressedTrackOffsets size (has 0, expected 120), removing track
AnimSequence Ply_Gadgets_as/Gadgets_Ready_Equip has wrong CompressedTrackOffsets size (has 0, expected 120), removing track
AnimSequence Ply_Gadgets_as/Gadgets_Ready_Unequip has wrong CompressedTrackOffsets size (has 0, expected 120), removing track
AnimSequence Ply_Gadgets_as/Gadgets_Reload has wrong CompressedTrackOffsets size (has 0, expected 120), removing track
AnimSequence Ply_Gadgets_as/Gadgets_Sprint has wrong CompressedTrackOffsets size (has 0, expected 120), removing track
AnimSequence Ply_Gadgets_as/Gadgets_Switch has wrong CompressedTrackOffsets size (has 0, expected 120), removing track
AnimSequence Ply_Gadgets_as/Gadgets_SwordSlash_Left has wrong CompressedTrackOffsets size (has 0, expected 120), removing track
AnimSequence Ply_Gadgets_as/Gadgets_SwordSlash_Right has wrong CompressedTrackOffsets size (has 0, expected 120), removing track
AnimSequence Ply_Gadgets_as/Gadgets_Walk has wrong CompressedTrackOffsets size (has 0, expected 120), removing track
AnimSequence Ply_Gadgets_as/Gadgets_Wheel_Equip has wrong CompressedTrackOffsets size (has 0, expected 120), removing track
AnimSequence Ply_Gadgets_as/Gadgets_Wheel_Idle has wrong CompressedTrackOffsets size (has 0, expected 120), removing track
AnimSequence Ply_Gadgets_as/Gadgets_Wheel_Unequip has wrong CompressedTrackOffsets size (has 0, expected 120), removing track
AnimSequence Ply_Gadgets_Grenade_as/Gadgets_Grenade_Cooking_Idle has wrong CompressedTrackOffsets size (has 0, expected 116), removing track
AnimSequence Ply_Gadgets_Grenade_as/Gadgets_Grenade_Cooking_In has wrong CompressedTrackOffsets size (has 0, expected 116), removing track
AnimSequence Ply_Gadgets_Grenade_as/Gadgets_Grenade_Deploy has wrong CompressedTrackOffsets size (has 0, expected 116), removing track
AnimSequence Ply_Gadgets_Grenade_as/Gadgets_Grenade_Low_Deploy has wrong CompressedTrackOffsets size (has 0, expected 116), removing track
AnimSequence Ply_Gadgets_Grenade_as/Gadgets_Grenade_Low_OutOfAmmo has wrong CompressedTrackOffsets size (has 0, expected 116), removing track
AnimSequence Ply_Gadgets_Grenade_as/Gadgets_Grenade_Low_Reload has wrong CompressedTrackOffsets size (has 0, expected 116), removing track
AnimSequence Ply_Gadgets_Grenade_as/Gadgets_Grenade_OutOfAmmo has wrong CompressedTrackOffsets size (has 0, expected 116), removing track
AnimSequence Ply_Gadgets_Grenade_as/Gadgets_Grenade_Reload has wrong CompressedTrackOffsets size (has 0, expected 116), removing track
AnimSequence Ply_Gadgets_Heart_as/ADD_Gadgets_Heart_Fingers_Beat has wrong CompressedTrackOffsets size (has 0, expected 120), removing track
AnimSequence Ply_Gadgets_Heart_as/ADD_Gadgets_Heart_Fingers_Idle has wrong CompressedTrackOffsets size (has 0, expected 120), removing track
AnimSequence Ply_Gadgets_Heart_as/Gadgets_Heart_Fingers_Beat has wrong CompressedTrackOffsets size (has 0, expected 120), removing track
AnimSequence Ply_Gadgets_Heart_as/Gadgets_Heart_Fingers_Default has wrong CompressedTrackOffsets size (has 0, expected 120), removing track
AnimSequence Ply_Gadgets_Heart_as/Gadgets_Heart_Fingers_Idle has wrong CompressedTrackOffsets size (has 0, expected 120), removing track
AnimSequence Ply_Gadgets_SpringRazor_as/Gadgets_SpringRazor_Abort has wrong CompressedTrackOffsets size (has 0, expected 120), removing track
AnimSequence Ply_Gadgets_SpringRazor_as/Gadgets_SpringRazor_Deploy has wrong CompressedTrackOffsets size (has 0, expected 120), removing track
AnimSequence Ply_Gadgets_SpringRazor_as/Gadgets_SpringRazor_OutOfAmmo has wrong CompressedTrackOffsets size (has 0, expected 120), removing track
AnimSequence Ply_Gadgets_SpringRazor_as/Gadgets_SpringRazor_Reload has wrong CompressedTrackOffsets size (has 0, expected 120), removing track
AnimSequence Ply_Generic_as/ADD_Empty_AimAddCenter has wrong CompressedTrackOffsets size (has 0, expected 276), removing track
AnimSequence Ply_Generic_as/ADD_Empty_AimAddDown has wrong CompressedTrackOffsets size (has 0, expected 276), removing track
AnimSequence Ply_Generic_as/ADD_Empty_AimAddUp has wrong CompressedTrackOffsets size (has 0, expected 276), removing track
AnimSequence Ply_Generic_as/Empty_AimAddCenter has wrong CompressedTrackOffsets size (has 0, expected 276), removing track
AnimSequence Ply_Generic_as/Empty_AimAddDown has wrong CompressedTrackOffsets size (has 0, expected 276), removing track
AnimSequence Ply_Generic_as/Empty_AimAddUp has wrong CompressedTrackOffsets size (has 0, expected 276), removing track
AnimSequence Ply_Generic_as/Generic_AimAddCenter has wrong CompressedTrackOffsets size (has 0, expected 276), removing track
AnimSequence Ply_Generic_as/Generic_AimAddDown has wrong CompressedTrackOffsets size (has 0, expected 276), removing track
AnimSequence Ply_Generic_as/Generic_AimAddUp has wrong CompressedTrackOffsets size (has 0, expected 276), removing track
AnimSequence Ply_Generic_as/Generic_Death_Back has wrong CompressedTrackOffsets size (has 0, expected 276), removing track
AnimSequence Ply_Generic_as/Generic_Death_FallImpact_Back has wrong CompressedTrackOffsets size (has 0, expected 276), removing track
AnimSequence Ply_Generic_as/Generic_Death_FallImpact_Front has wrong CompressedTrackOffsets size (has 0, expected 276), removing track
AnimSequence Ply_Generic_as/Generic_Death_FallImpact_Left has wrong CompressedTrackOffsets size (has 0, expected 276), removing track
AnimSequence Ply_Generic_as/Generic_Death_FallImpact_Right has wrong CompressedTrackOffsets size (has 0, expected 276), removing track
AnimSequence Ply_Generic_as/Generic_Death_Front has wrong CompressedTrackOffsets size (has 0, expected 276), removing track
AnimSequence Ply_Generic_as/Generic_Death_Impact has wrong CompressedTrackOffsets size (has 0, expected 276), removing track
AnimSequence Ply_Generic_as/Generic_Death_Left has wrong CompressedTrackOffsets size (has 0, expected 276), removing track
AnimSequence Ply_Generic_as/Generic_Death_Right has wrong CompressedTrackOffsets size (has 0, expected 276), removing track
AnimSequence Ply_Generic_as/Generic_Death_Water has wrong CompressedTrackOffsets size (has 0, expected 276), removing track
AnimSequence Ply_Generic_as/Generic_Death_Water_OutOfBreath has wrong CompressedTrackOffsets size (has 0, expected 276), removing track
AnimSequence Ply_Generic_as/Generic_Death_WaterImpact has wrong CompressedTrackOffsets size (has 0, expected 276), removing track
AnimSequence Ply_Generic_as/Generic_DeathFall_Back has wrong CompressedTrackOffsets size (has 0, expected 276), removing track
AnimSequence Ply_Generic_as/Generic_DeathFall_Front has wrong CompressedTrackOffsets size (has 0, expected 276), removing track
AnimSequence Ply_Generic_as/Generic_DeathFall_Left has wrong CompressedTrackOffsets size (has 0, expected 276), removing track
AnimSequence Ply_Generic_as/Generic_DeathFall_Right has wrong CompressedTrackOffsets size (has 0, expected 276), removing track
AnimSequence Ply_Generic_as/Generic_JumpLandBig has wrong CompressedTrackOffsets size (has 0, expected 276), removing track
AnimSequence Ply_Generic_as/Generic_Powers_Cast_Blink_Travel has wrong CompressedTrackOffsets size (has 0, expected 276), removing track
AnimSequence Ply_Guns_as/ADD_Guns_Aim_Center has wrong CompressedTrackOffsets size (has 0, expected 120), removing track
AnimSequence Ply_Guns_as/ADD_Guns_Aim_CenterLeft has wrong CompressedTrackOffsets size (has 0, expected 120), removing track
AnimSequence Ply_Guns_as/ADD_Guns_Aim_CenterRight has wrong CompressedTrackOffsets size (has 0, expected 120), removing track
AnimSequence Ply_Guns_as/ADD_Guns_Aim_Down has wrong CompressedTrackOffsets size (has 0, expected 120), removing track
AnimSequence Ply_Guns_as/ADD_Guns_Aim_DownLeft has wrong CompressedTrackOffsets size (has 0, expected 120), removing track
AnimSequence Ply_Guns_as/ADD_Guns_Aim_DownRight has wrong CompressedTrackOffsets size (has 0, expected 120), removing track
AnimSequence Ply_Guns_as/ADD_Guns_Aim_Up has wrong CompressedTrackOffsets size (has 0, expected 120), removing track
AnimSequence Ply_Guns_as/ADD_Guns_Aim_UpLeft has wrong CompressedTrackOffsets size (has 0, expected 120), removing track
AnimSequence Ply_Guns_as/ADD_Guns_Aim_UpRight has wrong CompressedTrackOffsets size (has 0, expected 120), removing track
AnimSequence Ply_Guns_as/ADD_Guns_IdleOffset_Right has wrong CompressedTrackOffsets size (has 0, expected 120), removing track
AnimSequence Ply_Guns_as/ADD_Guns_IdleOffset_Up has wrong CompressedTrackOffsets size (has 0, expected 120), removing track
AnimSequence Ply_Guns_as/Guns_Aim_Center has wrong CompressedTrackOffsets size (has 0, expected 120), removing track
AnimSequence Ply_Guns_as/Guns_Aim_CenterLeft has wrong CompressedTrackOffsets size (has 0, expected 120), removing track
AnimSequence Ply_Guns_as/Guns_Aim_CenterRight has wrong CompressedTrackOffsets size (has 0, expected 120), removing track
AnimSequence Ply_Guns_as/Guns_Aim_Default has wrong CompressedTrackOffsets size (has 0, expected 120), removing track
AnimSequence Ply_Guns_as/Guns_Aim_Down has wrong CompressedTrackOffsets size (has 0, expected 120), removing track
AnimSequence Ply_Guns_as/Guns_Aim_DownLeft has wrong CompressedTrackOffsets size (has 0, expected 120), removing track
AnimSequence Ply_Guns_as/Guns_Aim_DownRight has wrong CompressedTrackOffsets size (has 0, expected 120), removing track
AnimSequence Ply_Guns_as/Guns_Aim_Up has wrong CompressedTrackOffsets size (has 0, expected 120), removing track
AnimSequence Ply_Guns_as/Guns_Aim_UpLeft has wrong CompressedTrackOffsets size (has 0, expected 120), removing track
AnimSequence Ply_Guns_as/Guns_Aim_UpRight has wrong CompressedTrackOffsets size (has 0, expected 120), removing track
AnimSequence Ply_Guns_as/Guns_Aims_CenterLeft has wrong CompressedTrackOffsets size (has 0, expected 120), removing track
AnimSequence Ply_Guns_as/Guns_Aims_CenterRight has wrong CompressedTrackOffsets size (has 0, expected 120), removing track
AnimSequence Ply_Guns_as/Guns_Aims_UpRight has wrong CompressedTrackOffsets size (has 0, expected 120), removing track
AnimSequence Ply_Guns_as/Guns_Idle has wrong CompressedTrackOffsets size (has 0, expected 120), removing track
AnimSequence Ply_Guns_as/Guns_IdleOffset_Right has wrong CompressedTrackOffsets size (has 0, expected 120), removing track
AnimSequence Ply_Guns_as/Guns_IdleOffset_Up has wrong CompressedTrackOffsets size (has 0, expected 120), removing track
AnimSequence Ply_Guns_as/Guns_Jump has wrong CompressedTrackOffsets size (has 0, expected 120), removing track
AnimSequence Ply_Guns_as/Guns_JumpIn has wrong CompressedTrackOffsets size (has 0, expected 120), removing track
AnimSequence Ply_Guns_as/Guns_JumpLandSmall has wrong CompressedTrackOffsets size (has 0, expected 120), removing track
AnimSequence Ply_Guns_as/Guns_Ready_Equip has wrong CompressedTrackOffsets size (has 0, expected 120), removing track
AnimSequence Ply_Guns_as/Guns_Ready_Unequip has wrong CompressedTrackOffsets size (has 0, expected 120), removing track
AnimSequence Ply_Guns_as/Guns_Sprint has wrong CompressedTrackOffsets size (has 0, expected 120), removing track
AnimSequence Ply_Guns_as/Guns_SwordSlash_Left has wrong CompressedTrackOffsets size (has 0, expected 120), removing track
AnimSequence Ply_Guns_as/Guns_SwordSlash_Right has wrong CompressedTrackOffsets size (has 0, expected 120), removing track
AnimSequence Ply_Guns_as/Guns_Walk has wrong CompressedTrackOffsets size (has 0, expected 120), removing track
AnimSequence Ply_Head_Locomotion_as/ADD_Head_Camera8 has wrong CompressedTrackOffsets size (has 0, expected 16), removing track
AnimSequence Ply_Head_Locomotion_as/ADD_Head_Mantle_Low has wrong CompressedTrackOffsets size (has 0, expected 16), removing track
AnimSequence Ply_Head_Locomotion_as/ADD_Head_OutOfbreath has wrong CompressedTrackOffsets size (has 0, expected 16), removing track
AnimSequence Ply_Head_Locomotion_as/ADD_Head_Rope_Climb has wrong CompressedTrackOffsets size (has 0, expected 16), removing track
AnimSequence Ply_Head_Locomotion_as/ADD_Head_RunE has wrong CompressedTrackOffsets size (has 0, expected 16), removing track
AnimSequence Ply_Head_Locomotion_as/ADD_Head_RunN has wrong CompressedTrackOffsets size (has 0, expected 16), removing track
AnimSequence Ply_Head_Locomotion_as/ADD_Head_RunS has wrong CompressedTrackOffsets size (has 0, expected 16), removing track
AnimSequence Ply_Head_Locomotion_as/ADD_Head_RunW has wrong CompressedTrackOffsets size (has 0, expected 16), removing track
AnimSequence Ply_Head_Locomotion_as/ADD_Head_SneakE has wrong CompressedTrackOffsets size (has 0, expected 16), removing track
AnimSequence Ply_Head_Locomotion_as/ADD_Head_SneakN has wrong CompressedTrackOffsets size (has 0, expected 16), removing track
AnimSequence Ply_Head_Locomotion_as/ADD_Head_SneakS has wrong CompressedTrackOffsets size (has 0, expected 16), removing track
AnimSequence Ply_Head_Locomotion_as/ADD_Head_SneakW has wrong CompressedTrackOffsets size (has 0, expected 16), removing track
AnimSequence Ply_Head_Locomotion_as/ADD_Head_SprintE has wrong CompressedTrackOffsets size (has 0, expected 16), removing track
AnimSequence Ply_Head_Locomotion_as/ADD_Head_SprintN has wrong CompressedTrackOffsets size (has 0, expected 16), removing track
AnimSequence Ply_Head_Locomotion_as/ADD_Head_SprintS has wrong CompressedTrackOffsets size (has 0, expected 16), removing track
AnimSequence Ply_Head_Locomotion_as/ADD_Head_SprintW has wrong CompressedTrackOffsets size (has 0, expected 16), removing track
AnimSequence Ply_Head_Locomotion_as/ADD_Head_WalkE has wrong CompressedTrackOffsets size (has 0, expected 16), removing track
AnimSequence Ply_Head_Locomotion_as/ADD_Head_WalkN has wrong CompressedTrackOffsets size (has 0, expected 16), removing track
AnimSequence Ply_Head_Locomotion_as/ADD_Head_WalkS has wrong CompressedTrackOffsets size (has 0, expected 16), removing track
AnimSequence Ply_Head_Locomotion_as/ADD_Head_WalkW has wrong CompressedTrackOffsets size (has 0, expected 16), removing track
AnimSequence Ply_Head_Locomotion_as/ADD_Head_Wobble has wrong CompressedTrackOffsets size (has 0, expected 16), removing track
AnimSequence Ply_Head_Locomotion_as/Head_Camera8 has wrong CompressedTrackOffsets size (has 0, expected 16), removing track
AnimSequence Ply_Head_Locomotion_as/Head_Default has wrong CompressedTrackOffsets size (has 0, expected 16), removing track
AnimSequence Ply_Head_Locomotion_as/Head_Mantle_Low has wrong CompressedTrackOffsets size (has 0, expected 16), removing track
AnimSequence Ply_Head_Locomotion_as/Head_OutOfbreath has wrong CompressedTrackOffsets size (has 0, expected 16), removing track
AnimSequence Ply_Head_Locomotion_as/Head_Rope_Climb has wrong CompressedTrackOffsets size (has 0, expected 16), removing track
AnimSequence Ply_Head_Locomotion_as/Head_RunE has wrong CompressedTrackOffsets size (has 0, expected 16), removing track
AnimSequence Ply_Head_Locomotion_as/Head_RunN has wrong CompressedTrackOffsets size (has 0, expected 16), removing track
AnimSequence Ply_Head_Locomotion_as/Head_RunS has wrong CompressedTrackOffsets size (has 0, expected 16), removing track
AnimSequence Ply_Head_Locomotion_as/Head_RunW has wrong CompressedTrackOffsets size (has 0, expected 16), removing track
AnimSequence Ply_Head_Locomotion_as/Head_SneakE has wrong CompressedTrackOffsets size (has 0, expected 16), removing track
AnimSequence Ply_Head_Locomotion_as/Head_SneakN has wrong CompressedTrackOffsets size (has 0, expected 16), removing track
AnimSequence Ply_Head_Locomotion_as/Head_SneakS has wrong CompressedTrackOffsets size (has 0, expected 16), removing track
AnimSequence Ply_Head_Locomotion_as/Head_SneakW has wrong CompressedTrackOffsets size (has 0, expected 16), removing track
AnimSequence Ply_Head_Locomotion_as/Head_SprintE has wrong CompressedTrackOffsets size (has 0, expected 16), removing track
AnimSequence Ply_Head_Locomotion_as/Head_SprintN has wrong CompressedTrackOffsets size (has 0, expected 16), removing track
AnimSequence Ply_Head_Locomotion_as/Head_SprintS has wrong CompressedTrackOffsets size (has 0, expected 16), removing track
AnimSequence Ply_Head_Locomotion_as/Head_SprintW has wrong CompressedTrackOffsets size (has 0, expected 16), removing track
AnimSequence Ply_Head_Locomotion_as/Head_WalkE has wrong CompressedTrackOffsets size (has 0, expected 16), removing track
AnimSequence Ply_Head_Locomotion_as/Head_WalkN has wrong CompressedTrackOffsets size (has 0, expected 16), removing track
AnimSequence Ply_Head_Locomotion_as/Head_WalkS has wrong CompressedTrackOffsets size (has 0, expected 16), removing track
AnimSequence Ply_Head_Locomotion_as/Head_WalkW has wrong CompressedTrackOffsets size (has 0, expected 16), removing track
AnimSequence Ply_Head_Locomotion_as/Head_Wobble has wrong CompressedTrackOffsets size (has 0, expected 16), removing track
AnimSequence Ply_Pistol_as/Pistol_FastReload has wrong CompressedTrackOffsets size (has 0, expected 120), removing track
AnimSequence Ply_Pistol_as/Pistol_Fire has wrong CompressedTrackOffsets size (has 0, expected 120), removing track
AnimSequence Ply_Pistol_as/Pistol_Fire_Accurate has wrong CompressedTrackOffsets size (has 0, expected 120), removing track
AnimSequence Ply_Pistol_as/Pistol_Reload_In has wrong CompressedTrackOffsets size (has 0, expected 120), removing track
AnimSequence Ply_Pistol_as/Pistol_Reload_Out has wrong CompressedTrackOffsets size (has 0, expected 120), removing track
AnimSequence Ply_Pistol_as/Pistol_Spyglass_Fire has wrong CompressedTrackOffsets size (has 0, expected 120), removing track
AnimSequence Ply_Pistol_as/Pistol_Spyglass_FireAccurate has wrong CompressedTrackOffsets size (has 0, expected 120), removing track
AnimSequence Ply_Pistol_as/Pistol_Spyglass_Idle has wrong CompressedTrackOffsets size (has 0, expected 120), removing track
AnimSequence Ply_Pistol_as/Pistol_Spyglass_In has wrong CompressedTrackOffsets size (has 0, expected 120), removing track
AnimSequence Ply_Pistol_as/Pistol_Spyglass_Out has wrong CompressedTrackOffsets size (has 0, expected 120), removing track
AnimSequence Ply_Powers_as/Powers_Cast_BendTime has wrong CompressedTrackOffsets size (has 0, expected 120), removing track
AnimSequence Ply_Powers_as/Powers_Cast_Blink_In has wrong CompressedTrackOffsets size (has 0, expected 120), removing track
AnimSequence Ply_Powers_as/Powers_Cast_Blink_Loop has wrong CompressedTrackOffsets size (has 0, expected 120), removing track
AnimSequence Ply_Powers_as/Powers_Cast_Blink_Out has wrong CompressedTrackOffsets size (has 0, expected 120), removing track
AnimSequence Ply_Powers_as/Powers_Cast_Possession_Cancel has wrong CompressedTrackOffsets size (has 0, expected 120), removing track
AnimSequence Ply_Powers_as/Powers_Cast_Possession_In has wrong CompressedTrackOffsets size (has 0, expected 120), removing track
AnimSequence Ply_Powers_as/Powers_Cast_Possession_Loop has wrong CompressedTrackOffsets size (has 0, expected 120), removing track
AnimSequence Ply_Powers_as/Powers_Cast_Possession_Out has wrong CompressedTrackOffsets size (has 0, expected 120), removing track
AnimSequence Ply_Powers_as/Powers_Cast_Swarm has wrong CompressedTrackOffsets size (has 0, expected 120), removing track
AnimSequence Ply_Powers_as/Powers_Cast_Windblast has wrong CompressedTrackOffsets size (has 0, expected 120), removing track
AnimSequence Ply_Powers_as/Powers_Idle has wrong CompressedTrackOffsets size (has 0, expected 120), removing track
AnimSequence Ply_Powers_as/Powers_Jump has wrong CompressedTrackOffsets size (has 0, expected 120), removing track
AnimSequence Ply_Powers_as/Powers_JumpIn has wrong CompressedTrackOffsets size (has 0, expected 120), removing track
AnimSequence Ply_Powers_as/Powers_JumpLandSmall has wrong CompressedTrackOffsets size (has 0, expected 120), removing track
AnimSequence Ply_Powers_as/Powers_OutOfMana has wrong CompressedTrackOffsets size (has 0, expected 120), removing track
AnimSequence Ply_Powers_as/Powers_Ready_Equip has wrong CompressedTrackOffsets size (has 0, expected 120), removing track
AnimSequence Ply_Powers_as/Powers_Ready_Unequip has wrong CompressedTrackOffsets size (has 0, expected 120), removing track
AnimSequence Ply_Powers_as/Powers_Sprint has wrong CompressedTrackOffsets size (has 0, expected 120), removing track
AnimSequence Ply_Powers_as/Powers_Switch has wrong CompressedTrackOffsets size (has 0, expected 120), removing track
AnimSequence Ply_Powers_as/Powers_SwordSlash_Left has wrong CompressedTrackOffsets size (has 0, expected 120), removing track
AnimSequence Ply_Powers_as/Powers_SwordSlash_Right has wrong CompressedTrackOffsets size (has 0, expected 120), removing track
AnimSequence Ply_Powers_as/Powers_Walk has wrong CompressedTrackOffsets size (has 0, expected 120), removing track
AnimSequence Ply_Sword_Assassination_as/Sword_DramaticDeath_Back_A_Master has wrong CompressedTrackOffsets size (has 0, expected 316), removing track
AnimSequence Ply_Sword_Assassination_as/Sword_DramaticDeath_Front_A_Master has wrong CompressedTrackOffsets size (has 0, expected 316), removing track
AnimSequence Ply_Sword_Assassination_as/Sword_DramaticDeath_Front_Campbell_Master has wrong CompressedTrackOffsets size (has 0, expected 316), removing track
AnimSequence Ply_Sword_Assassination_as/Sword_DramaticDeath_Front_Daud_Master has wrong CompressedTrackOffsets size (has 0, expected 316), removing track
AnimSequence Ply_Sword_Assassination_as/Sword_DramaticDeath_Front_Havelock_Master has wrong CompressedTrackOffsets size (has 0, expected 316), removing track
AnimSequence Ply_Sword_Assassination_as/Sword_DramaticDeath_Front_LadyBoyle_Master has wrong CompressedTrackOffsets size (has 0, expected 316), removing track
AnimSequence Ply_Sword_Assassination_as/Sword_DramaticDeath_Front_LordRegent_Master has wrong CompressedTrackOffsets size (has 0, expected 316), removing track
AnimSequence Ply_Sword_Assassination_as/Sword_DramaticDeath_Front_Martin_Master has wrong CompressedTrackOffsets size (has 0, expected 316), removing track
AnimSequence Ply_Sword_Assassination_as/Sword_DramaticDeath_Front_PendletonA_Master has wrong CompressedTrackOffsets size (has 0, expected 316), removing track
AnimSequence Ply_Sword_Assassination_as/Sword_DramaticDeath_Front_PendletonB_Master has wrong CompressedTrackOffsets size (has 0, expected 316), removing track
AnimSequence Ply_Sword_Assassination_as/Sword_Ready_Assassination_Back_CarryCorpse_Master has wrong CompressedTrackOffsets size (has 0, expected 316), removing track
AnimSequence Ply_Sword_Assassination_as/Sword_Ready_Assassination_Back_Master has wrong CompressedTrackOffsets size (has 0, expected 316), removing track
AnimSequence Ply_Sword_Assassination_as/Sword_Ready_Assassination_DropBack_Master has wrong CompressedTrackOffsets size (has 0, expected 316), removing track
AnimSequence Ply_Sword_Assassination_as/Sword_Ready_Assassination_DropFront_Master has wrong CompressedTrackOffsets size (has 0, expected 316), removing track
AnimSequence Ply_Sword_Assassination_as/Sword_Ready_Assassination_DropLeft_Master has wrong CompressedTrackOffsets size (has 0, expected 316), removing track
AnimSequence Ply_Sword_Assassination_as/Sword_Ready_Assassination_DropRight_Master has wrong CompressedTrackOffsets size (has 0, expected 316), removing track
AnimSequence Ply_Sword_Assassination_as/Sword_Ready_Assassination_FastBack_CarryCorpse_Master has wrong CompressedTrackOffsets size (has 0, expected 316), removing track
AnimSequence Ply_Sword_Assassination_as/Sword_Ready_Assassination_FastBack_Master has wrong CompressedTrackOffsets size (has 0, expected 316), removing track
AnimSequence Ply_Sword_Assassination_as/Sword_Ready_Assassination_FastFront_CarryCorpse_Master has wrong CompressedTrackOffsets size (has 0, expected 316), removing track
AnimSequence Ply_Sword_Assassination_as/Sword_Ready_Assassination_FastFront_Master has wrong CompressedTrackOffsets size (has 0, expected 316), removing track
AnimSequence Ply_Sword_Assassination_as/Sword_Ready_Assassination_FastLeft_CarryCorpse_Master has wrong CompressedTrackOffsets size (has 0, expected 316), removing track
AnimSequence Ply_Sword_Assassination_as/Sword_Ready_Assassination_FastLeft_Master has wrong CompressedTrackOffsets size (has 0, expected 316), removing track
AnimSequence Ply_Sword_Assassination_as/Sword_Ready_Assassination_FastRight_CarryCorpse_Master has wrong CompressedTrackOffsets size (has 0, expected 316), removing track
AnimSequence Ply_Sword_Assassination_as/Sword_Ready_Assassination_FastRight_Master has wrong CompressedTrackOffsets size (has 0, expected 316), removing track
AnimSequence Ply_Sword_Assassination_as/Sword_Ready_Assassination_Front_CarryCorpse_Master has wrong CompressedTrackOffsets size (has 0, expected 316), removing track
AnimSequence Ply_Sword_Assassination_as/Sword_Ready_Assassination_Front_Master has wrong CompressedTrackOffsets size (has 0, expected 316), removing track
AnimSequence Ply_Sword_Assassination_as/Sword_Ready_Assassination_Generic has wrong CompressedTrackOffsets size (has 0, expected 316), removing track
AnimSequence Ply_Sword_Assassination_as/Sword_Ready_Assassination_Left_CarryCorpse_Master has wrong CompressedTrackOffsets size (has 0, expected 316), removing track
AnimSequence Ply_Sword_Assassination_as/Sword_Ready_Assassination_Left_Master has wrong CompressedTrackOffsets size (has 0, expected 316), removing track
AnimSequence Ply_Sword_Assassination_as/Sword_Ready_Assassination_Right_CarryCorpse_Master has wrong CompressedTrackOffsets size (has 0, expected 316), removing track
AnimSequence Ply_Sword_Assassination_as/Sword_Ready_Assassination_Right_Master has wrong CompressedTrackOffsets size (has 0, expected 316), removing track
AnimSequence Ply_Sword_Attack_as/Sword_Ready_AttackLeft_A_Big has wrong CompressedTrackOffsets size (has 0, expected 276), removing track
AnimSequence Ply_Sword_Attack_as/Sword_Ready_AttackLeft_A_BigChain has wrong CompressedTrackOffsets size (has 0, expected 276), removing track
AnimSequence Ply_Sword_Attack_as/Sword_Ready_AttackLeft_A_Small has wrong CompressedTrackOffsets size (has 0, expected 276), removing track
AnimSequence Ply_Sword_Attack_as/Sword_Ready_AttackLeft_B_Big has wrong CompressedTrackOffsets size (has 0, expected 276), removing track
AnimSequence Ply_Sword_Attack_as/Sword_Ready_AttackLeft_B_BigChain has wrong CompressedTrackOffsets size (has 0, expected 276), removing track
AnimSequence Ply_Sword_Attack_as/Sword_Ready_AttackLeft_B_Small has wrong CompressedTrackOffsets size (has 0, expected 276), removing track
AnimSequence Ply_Sword_Attack_as/Sword_Ready_AttackRight_A_Big has wrong CompressedTrackOffsets size (has 0, expected 276), removing track
AnimSequence Ply_Sword_Attack_as/Sword_Ready_AttackRight_A_BigChain has wrong CompressedTrackOffsets size (has 0, expected 276), removing track
AnimSequence Ply_Sword_Attack_as/Sword_Ready_AttackRight_A_Small has wrong CompressedTrackOffsets size (has 0, expected 276), removing track
AnimSequence Ply_Sword_Attack_as/Sword_Ready_AttackRight_B_Big has wrong CompressedTrackOffsets size (has 0, expected 276), removing track
AnimSequence Ply_Sword_Attack_as/Sword_Ready_AttackRight_B_BigChain has wrong CompressedTrackOffsets size (has 0, expected 276), removing track
AnimSequence Ply_Sword_Attack_as/Sword_Ready_AttackRight_B_Small has wrong CompressedTrackOffsets size (has 0, expected 276), removing track
AnimSequence Ply_Sword_Attack_as/Sword_Sneak_Attack_BigNpc has wrong CompressedTrackOffsets size (has 0, expected 276), removing track
AnimSequence Ply_Sword_Attack_as/Sword_Sneak_Attack_BigWall has wrong CompressedTrackOffsets size (has 0, expected 276), removing track
AnimSequence Ply_Sword_Attack_as/Sword_Sneak_Attack_Small has wrong CompressedTrackOffsets size (has 0, expected 276), removing track
AnimSequence Ply_Sword_Choke_as/Sword_Choke_Cancel_Master has wrong CompressedTrackOffsets size (has 0, expected 316), removing track
AnimSequence Ply_Sword_Choke_as/Sword_Choke_CarryCorpse_Master has wrong CompressedTrackOffsets size (has 0, expected 316), removing track
AnimSequence Ply_Sword_Choke_as/Sword_Choke_In_Master has wrong CompressedTrackOffsets size (has 0, expected 316), removing track
AnimSequence Ply_Sword_Choke_as/Sword_Choke_Loop_Master has wrong CompressedTrackOffsets size (has 0, expected 316), removing track
AnimSequence Ply_Sword_Choke_as/Sword_Choke_Lose_Master has wrong CompressedTrackOffsets size (has 0, expected 316), removing track
AnimSequence Ply_Sword_Choke_as/Sword_Choke_Win_Master has wrong CompressedTrackOffsets size (has 0, expected 316), removing track
AnimSequence Ply_Sword_Fatality_as/Sword_Ready_Fatality_Behead_A_Master has wrong CompressedTrackOffsets size (has 0, expected 316), removing track
AnimSequence Ply_Sword_Fatality_as/Sword_Ready_Fatality_Behead_B_Master has wrong CompressedTrackOffsets size (has 0, expected 316), removing track
AnimSequence Ply_Sword_Fatality_as/Sword_Ready_Fatality_DoubleKill has wrong CompressedTrackOffsets size (has 0, expected 316), removing track
AnimSequence Ply_Sword_Fatality_as/Sword_Ready_Fatality_FastFront_A_Master has wrong CompressedTrackOffsets size (has 0, expected 316), removing track
AnimSequence Ply_Sword_Fatality_as/Sword_Ready_Fatality_FastFront_B_Master has wrong CompressedTrackOffsets size (has 0, expected 316), removing track
AnimSequence Ply_Sword_Fatality_as/Sword_Ready_Fatality_FastFront_C_Master has wrong CompressedTrackOffsets size (has 0, expected 316), removing track
AnimSequence Ply_Sword_Fatality_as/Sword_Ready_Fatality_FastFront_D_Master has wrong CompressedTrackOffsets size (has 0, expected 316), removing track
AnimSequence Ply_Sword_Fatality_as/Sword_Ready_Fatality_Front_A_Master has wrong CompressedTrackOffsets size (has 0, expected 316), removing track
AnimSequence Ply_Sword_Fatality_as/Sword_Ready_Fatality_Front_B_Master has wrong CompressedTrackOffsets size (has 0, expected 316), removing track
AnimSequence Ply_Sword_Fatality_as/Sword_Ready_Fatality_Generic_Left_A has wrong CompressedTrackOffsets size (has 0, expected 316), removing track
AnimSequence Ply_Sword_Fatality_as/Sword_Ready_Fatality_Generic_Right_A has wrong CompressedTrackOffsets size (has 0, expected 316), removing track
AnimSequence Ply_Sword_Fatality_as/Sword_Ready_Fatality_KnockDown_Master has wrong CompressedTrackOffsets size (has 0, expected 316), removing track
AnimSequence Ply_Sword_Fatality_as/Sword_Ready_Fatality_SmallFront_Left_A_Master has wrong CompressedTrackOffsets size (has 0, expected 316), removing track
AnimSequence Ply_Sword_Fatality_as/Sword_Ready_Fatality_SmallFront_Left_B_Master has wrong CompressedTrackOffsets size (has 0, expected 316), removing track
AnimSequence Ply_Sword_Fatality_as/Sword_Ready_Fatality_SmallFront_Right_A_Master has wrong CompressedTrackOffsets size (has 0, expected 316), removing track
AnimSequence Ply_Sword_Fatality_as/Sword_Ready_Fatality_SmallFront_Right_B_Master has wrong CompressedTrackOffsets size (has 0, expected 316), removing track
AnimSequence Ply_Sword_Fatality_as/Sword_Ready_Fatality_Tallboy_Back_Master has wrong CompressedTrackOffsets size (has 0, expected 316), removing track
AnimSequence Ply_Sword_Fatality_as/Sword_Ready_Fatality_Tallboy_Front_Master has wrong CompressedTrackOffsets size (has 0, expected 316), removing track
AnimSequence Ply_Sword_Hit_as/Sword_BigHit_Back has wrong CompressedTrackOffsets size (has 0, expected 276), removing track
AnimSequence Ply_Sword_Hit_as/Sword_BigHit_Front has wrong CompressedTrackOffsets size (has 0, expected 276), removing track
AnimSequence Ply_Sword_Hit_as/Sword_BigHit_Left has wrong CompressedTrackOffsets size (has 0, expected 276), removing track
AnimSequence Ply_Sword_Hit_as/Sword_BigHit_Right has wrong CompressedTrackOffsets size (has 0, expected 276), removing track
AnimSequence Ply_Sword_Hit_as/Sword_Knockdown_Fall has wrong CompressedTrackOffsets size (has 0, expected 276), removing track
AnimSequence Ply_Sword_Hit_as/Sword_KnockdownBack has wrong CompressedTrackOffsets size (has 0, expected 276), removing track
AnimSequence Ply_Sword_Hit_as/Sword_KnockdownFront has wrong CompressedTrackOffsets size (has 0, expected 276), removing track
AnimSequence Ply_Sword_Hit_as/Sword_KnockdownLeft has wrong CompressedTrackOffsets size (has 0, expected 276), removing track
AnimSequence Ply_Sword_Hit_as/Sword_KnockdownRight has wrong CompressedTrackOffsets size (has 0, expected 276), removing track
AnimSequence Ply_Sword_Hit_as/Sword_Recovery has wrong CompressedTrackOffsets size (has 0, expected 276), removing track
AnimSequence Ply_Sword_Hit_as/Sword_Stun_In has wrong CompressedTrackOffsets size (has 0, expected 276), removing track
AnimSequence Ply_Sword_Hit_as/Sword_Stun_Loop has wrong CompressedTrackOffsets size (has 0, expected 276), removing track
AnimSequence Ply_Sword_Idle_as/Sword_Ready_Equip has wrong CompressedTrackOffsets size (has 0, expected 276), removing track
AnimSequence Ply_Sword_Idle_as/Sword_Ready_Equip_Fast has wrong CompressedTrackOffsets size (has 0, expected 276), removing track
AnimSequence Ply_Sword_Idle_as/Sword_Ready_GunshotReaction has wrong CompressedTrackOffsets size (has 0, expected 276), removing track
AnimSequence Ply_Sword_Idle_as/Sword_Ready_Idle has wrong CompressedTrackOffsets size (has 0, expected 276), removing track
AnimSequence Ply_Sword_Idle_as/Sword_Ready_UnEquip has wrong CompressedTrackOffsets size (has 0, expected 276), removing track
AnimSequence Ply_Sword_Idle_as/Sword_Ready_UnEquip_Fast has wrong CompressedTrackOffsets size (has 0, expected 276), removing track
AnimSequence Ply_Sword_Idle_as/Sword_Sneak_Equip has wrong CompressedTrackOffsets size (has 0, expected 276), removing track
AnimSequence Ply_Sword_Idle_as/Sword_Sneak_Equip_Fast has wrong CompressedTrackOffsets size (has 0, expected 276), removing track
AnimSequence Ply_Sword_Idle_as/Sword_Sneak_GunshotReaction has wrong CompressedTrackOffsets size (has 0, expected 276), removing track
AnimSequence Ply_Sword_Idle_as/Sword_Sneak_Idle has wrong CompressedTrackOffsets size (has 0, expected 276), removing track
AnimSequence Ply_Sword_Idle_as/Sword_Sneak_In has wrong CompressedTrackOffsets size (has 0, expected 276), removing track
AnimSequence Ply_Sword_Idle_as/Sword_Sneak_Out has wrong CompressedTrackOffsets size (has 0, expected 276), removing track
AnimSequence Ply_Sword_Idle_as/Sword_Sneak_UnEquip has wrong CompressedTrackOffsets size (has 0, expected 276), removing track
AnimSequence Ply_Sword_Idle_as/Sword_Sneak_UnEquip_Fast has wrong CompressedTrackOffsets size (has 0, expected 276), removing track
AnimSequence Ply_Sword_Locomotion_as/Sword_Ready_Jump has wrong CompressedTrackOffsets size (has 0, expected 276), removing track
AnimSequence Ply_Sword_Locomotion_as/Sword_Ready_JumpIn has wrong CompressedTrackOffsets size (has 0, expected 276), removing track
AnimSequence Ply_Sword_Locomotion_as/Sword_Ready_JumpLandSmall has wrong CompressedTrackOffsets size (has 0, expected 276), removing track
AnimSequence Ply_Sword_Locomotion_as/Sword_Ready_MantleHigh has wrong CompressedTrackOffsets size (has 0, expected 276), removing track
AnimSequence Ply_Sword_Locomotion_as/Sword_Ready_MantleLow has wrong CompressedTrackOffsets size (has 0, expected 276), removing track
AnimSequence Ply_Sword_Locomotion_as/Sword_Ready_MantleMedium has wrong CompressedTrackOffsets size (has 0, expected 276), removing track
AnimSequence Ply_Sword_Locomotion_as/Sword_Ready_Run has wrong CompressedTrackOffsets size (has 0, expected 276), removing track
AnimSequence Ply_Sword_Locomotion_as/Sword_Ready_Sprint has wrong CompressedTrackOffsets size (has 0, expected 276), removing track
AnimSequence Ply_Sword_Locomotion_as/Sword_Ready_Walk has wrong CompressedTrackOffsets size (has 0, expected 276), removing track
AnimSequence Ply_Sword_Locomotion_as/Sword_SlideIn has wrong CompressedTrackOffsets size (has 0, expected 276), removing track
AnimSequence Ply_Sword_Locomotion_as/Sword_SlideLoop has wrong CompressedTrackOffsets size (has 0, expected 276), removing track
AnimSequence Ply_Sword_Locomotion_as/Sword_SlideOutSneak has wrong CompressedTrackOffsets size (has 0, expected 276), removing track
AnimSequence Ply_Sword_Locomotion_as/Sword_SlideOutSprint has wrong CompressedTrackOffsets size (has 0, expected 276), removing track
AnimSequence Ply_Sword_Locomotion_as/Sword_Sneak_Jump has wrong CompressedTrackOffsets size (has 0, expected 276), removing track
AnimSequence Ply_Sword_Locomotion_as/Sword_Sneak_JumpIn has wrong CompressedTrackOffsets size (has 0, expected 276), removing track
AnimSequence Ply_Sword_Locomotion_as/Sword_Sneak_JumpLandSmall has wrong CompressedTrackOffsets size (has 0, expected 276), removing track
AnimSequence Ply_Sword_Locomotion_as/Sword_Sneak_MantleHigh has wrong CompressedTrackOffsets size (has 0, expected 276), removing track
AnimSequence Ply_Sword_Locomotion_as/Sword_Sneak_MantleLow has wrong CompressedTrackOffsets size (has 0, expected 276), removing track
AnimSequence Ply_Sword_Locomotion_as/Sword_Sneak_MantleMedium has wrong CompressedTrackOffsets size (has 0, expected 276), removing track
AnimSequence Ply_Sword_Locomotion_as/Sword_Sneak_Run has wrong CompressedTrackOffsets size (has 0, expected 276), removing track
AnimSequence Ply_Sword_Locomotion_as/Sword_Sneak_Walk has wrong CompressedTrackOffsets size (has 0, expected 276), removing track
AnimSequence Ply_Sword_Versus_as/Sword_Ready_Parry_A has wrong CompressedTrackOffsets size (has 0, expected 316), removing track
AnimSequence Ply_Sword_Versus_as/Sword_Ready_Parry_B has wrong CompressedTrackOffsets size (has 0, expected 316), removing track
AnimSequence Ply_Sword_Versus_as/Sword_Ready_Parry_C has wrong CompressedTrackOffsets size (has 0, expected 316), removing track
AnimSequence Ply_Sword_Versus_as/Sword_Ready_Parry_LeftLeft has wrong CompressedTrackOffsets size (has 0, expected 316), removing track
AnimSequence Ply_Sword_Versus_as/Sword_Ready_Parry_LeftRight has wrong CompressedTrackOffsets size (has 0, expected 316), removing track
AnimSequence Ply_Sword_Versus_as/Sword_Ready_parry_RightLeft has wrong CompressedTrackOffsets size (has 0, expected 316), removing track
AnimSequence Ply_Sword_Versus_as/Sword_Ready_Parry_RightRight has wrong CompressedTrackOffsets size (has 0, expected 316), removing track
AnimSequence Ply_Sword_Versus_as/Sword_Ready_ParryIdle has wrong CompressedTrackOffsets size (has 0, expected 316), removing track
AnimSequence Ply_Sword_Versus_as/Sword_Ready_ParryIdle_In has wrong CompressedTrackOffsets size (has 0, expected 316), removing track
AnimSequence Ply_Sword_Versus_as/Sword_Ready_ParryIdle_Out has wrong CompressedTrackOffsets size (has 0, expected 316), removing track
AnimSequence Ply_Sword_Versus_as/Sword_Ready_Versus_BigLose has wrong CompressedTrackOffsets size (has 0, expected 316), removing track
AnimSequence Ply_Sword_Versus_as/Sword_Ready_Versus_BigWin has wrong CompressedTrackOffsets size (has 0, expected 316), removing track
AnimSequence Ply_Sword_Versus_as/Sword_Ready_Versus_MediumLose has wrong CompressedTrackOffsets size (has 0, expected 316), removing track
AnimSequence Ply_Sword_Versus_as/Sword_Ready_Versus_MediumWin has wrong CompressedTrackOffsets size (has 0, expected 316), removing track
AnimSequence Ply_Sword_Versus_as/Sword_Ready_Versus_Minigame has wrong CompressedTrackOffsets size (has 0, expected 316), removing track
AnimSequence Ply_Sword_Versus_as/Sword_Sneak_ParryIdle_In has wrong CompressedTrackOffsets size (has 0, expected 316), removing track
AnimSequence Ply_Sword_Versus_as/Sword_Sneak_ParryIdle_Out has wrong CompressedTrackOffsets size (has 0, expected 316), removing track
AnimSequence Ply_WeeperAttack_as/Empty_ArmGrab_Loop has wrong CompressedTrackOffsets size (has 0, expected 276), removing track
AnimSequence Ply_WeeperAttack_as/Empty_ArmGrab_Out has wrong CompressedTrackOffsets size (has 0, expected 276), removing track
AnimSequence Ply_WeeperAttack_as/Sword_Weeper_ArmGrab_In has wrong CompressedTrackOffsets size (has 0, expected 276), removing track
AnimSequence Ply_WeeperAttack_as/Sword_Weeper_ArmGrab_Loop has wrong CompressedTrackOffsets size (has 0, expected 276), removing track
AnimSequence Ply_WeeperAttack_as/Sword_Weeper_ArmGrab_Out has wrong CompressedTrackOffsets size (has 0, expected 276), removing track
AnimSequence PlySword_Anim_as/Sword_Ready_Equip has wrong CompressedTrackOffsets size (has 0, expected 56), removing track
AnimSequence PlySword_Anim_as/Sword_Ready_Equip_Fast has wrong CompressedTrackOffsets size (has 0, expected 56), removing track
AnimSequence PlySword_Anim_as/Sword_Ready_FirstAttack has wrong CompressedTrackOffsets size (has 0, expected 56), removing track
AnimSequence PlySword_Anim_as/Sword_Ready_Idle has wrong CompressedTrackOffsets size (has 0, expected 56), removing track
AnimSequence PlySword_Anim_as/Sword_Ready_UnEquip has wrong CompressedTrackOffsets size (has 0, expected 56), removing track
AnimSequence PlySword_Anim_as/Sword_Ready_UnEquip_Fast has wrong CompressedTrackOffsets size (has 0, expected 56), removing track
AnimSequence PlySword_Anim_as/Sword_SC_EquipFirstTime has wrong CompressedTrackOffsets size (has 0, expected 56), removing track
AnimSequence PlySword_Anim_as/Sword_Sneak_Equip has wrong CompressedTrackOffsets size (has 0, expected 56), removing track
AnimSequence PlySword_Anim_as/Sword_Sneak_Equip_Fast has wrong CompressedTrackOffsets size (has 0, expected 56), removing track
AnimSequence PlySword_Anim_as/Sword_Sneak_UnEquip has wrong CompressedTrackOffsets size (has 0, expected 56), removing track
AnimSequence PlySword_Anim_as/Sword_Sneak_UnEquip_Fast has wrong CompressedTrackOffsets size (has 0, expected 56), removing track
AnimSequence SpringRazor_as/SpringRazor_Idle has wrong CompressedTrackOffsets size (has 0, expected 8), removing track
